d:\проекты\fps\fps\x64\release\vc142.pdb
e:\проекты\fps\fps\x64\release\vc142.pdb
e:\проекты\fps\fps\x64\release\skeleton.obj
e:\проекты\fps\fps\x64\release\shadercollector.obj
e:\проекты\fps\fps\x64\release\scene.obj
e:\проекты\fps\fps\x64\release\pointlight.obj
e:\проекты\fps\fps\x64\release\player.obj
e:\проекты\fps\fps\x64\release\physictypes.obj
e:\проекты\fps\fps\x64\release\pawn.obj
e:\проекты\fps\fps\x64\release\object.obj
e:\проекты\fps\fps\x64\release\modelmesh.obj
e:\проекты\fps\fps\x64\release\model.obj
e:\проекты\fps\fps\x64\release\mesh.obj
e:\проекты\fps\fps\x64\release\main.obj
e:\проекты\fps\fps\x64\release\loadglsl.obj
e:\проекты\fps\fps\x64\release\light.obj
e:\проекты\fps\fps\x64\release\camerainputobject.obj
e:\проекты\fps\fps\x64\release\input.obj
e:\проекты\fps\fps\x64\release\directlight.obj
e:\проекты\fps\fps\x64\release\colliders.obj
e:\проекты\fps\fps\x64\release\camera.obj
e:\проекты\fps\fps\x64\release\bone.obj
e:\проекты\fps\fps\x64\release\texture.obj
d:\проекты\fps\fps\x64\release\skeleton.obj
d:\проекты\fps\fps\x64\release\shadercollector.obj
d:\проекты\fps\fps\x64\release\scene.obj
d:\проекты\fps\fps\x64\release\pointlight.obj
d:\проекты\fps\fps\x64\release\player.obj
d:\проекты\fps\fps\x64\release\physictypes.obj
d:\проекты\fps\fps\x64\release\pawn.obj
d:\проекты\fps\fps\x64\release\object.obj
d:\проекты\fps\fps\x64\release\modelmesh.obj
d:\проекты\fps\fps\x64\release\model.obj
d:\проекты\fps\fps\x64\release\mesh.obj
d:\проекты\fps\fps\x64\release\main.obj
d:\проекты\fps\fps\x64\release\loadglsl.obj
d:\проекты\fps\fps\x64\release\light.obj
d:\проекты\fps\fps\x64\release\camerainputobject.obj
d:\проекты\fps\fps\x64\release\input.obj
d:\проекты\fps\fps\x64\release\directlight.obj
d:\проекты\fps\fps\x64\release\colliders.obj
d:\проекты\fps\fps\x64\release\camera.obj
d:\проекты\fps\fps\x64\release\bone.obj
d:\проекты\fps\fps\x64\release\texture.obj
d:\проекты\fps\x64\release\fps.ipdb
d:\проекты\fps\x64\release\fps.iobj
e:\проекты\fps\x64\release\fps.ipdb
e:\проекты\fps\x64\release\fps.iobj
e:\проекты\fps\x64\release\fps.exe
e:\проекты\fps\fps\x64\release\fps.ipdb
e:\проекты\fps\fps\x64\release\fps.iobj
e:\проекты\fps\x64\release\fps.pdb
d:\проекты\fps\x64\release\fps.exe
d:\проекты\fps\fps\x64\release\fps.ipdb
d:\проекты\fps\fps\x64\release\fps.iobj
d:\проекты\fps\x64\release\fps.pdb
e:\проекты\fps\fps\x64\release\fps.res
d:\проекты\fps\fps\x64\release\fps.res
d:\проекты\fps\fps\x64\release\inputobject.obj
d:\проекты\fps\fps\x64\release\physicobject.obj
d:\проекты\fps\fps\x64\release\fps.tlog\cl.command.1.tlog
d:\проекты\fps\fps\x64\release\fps.tlog\cl.read.1.tlog
d:\проекты\fps\fps\x64\release\fps.tlog\cl.write.1.tlog
d:\проекты\fps\fps\x64\release\fps.tlog\fps.write.1u.tlog
d:\проекты\fps\fps\x64\release\fps.tlog\link.command.1.tlog
d:\проекты\fps\fps\x64\release\fps.tlog\link.delete.1.tlog
d:\проекты\fps\fps\x64\release\fps.tlog\link.read.1.tlog
d:\проекты\fps\fps\x64\release\fps.tlog\link.write.1.tlog
d:\проекты\fps\fps\x64\release\fps.tlog\rc.command.1.tlog
d:\проекты\fps\fps\x64\release\fps.tlog\rc.read.1.tlog
d:\проекты\fps\fps\x64\release\fps.tlog\rc.write.1.tlog
